<?xml version="1.0" encoding="UTF-8"?>
<testng-results skipped="0" failed="0" total="1" passed="1">
  <reporter-output>
  </reporter-output>
  <suite name="Suite" duration-ms="6091" started-at="2021-05-28T05:53:47Z" finished-at="2021-05-28T05:53:53Z">
    <groups>
    </groups>
    <test name="Test" duration-ms="6091" started-at="2021-05-28T05:53:47Z" finished-at="2021-05-28T05:53:53Z">
      <class name="tests.LogIn">
        <test-method status="PASS" signature="fetchData()[pri:0, instance:tests.LogIn@69b0fd6f]" name="fetchData" is-config="true" duration-ms="422" started-at="2021-05-28T05:53:47Z" finished-at="2021-05-28T05:53:47Z">
          <reporter-output>
          </reporter-output>
        </test-method> <!-- fetchData -->
        <test-method status="PASS" signature="setUp()[pri:0, instance:tests.LogIn@69b0fd6f]" name="setUp" is-config="true" duration-ms="2045" started-at="2021-05-28T05:53:47Z" finished-at="2021-05-28T05:53:49Z">
          <reporter-output>
          </reporter-output>
        </test-method> <!-- setUp -->
        <test-method status="PASS" signature="login()[pri:0, instance:tests.LogIn@69b0fd6f]" name="login" duration-ms="3618" started-at="2021-05-28T05:53:49Z" finished-at="2021-05-28T05:53:53Z">
          <reporter-output>
          </reporter-output>
        </test-method> <!-- login -->
      </class> <!-- tests.LogIn -->
    </test> <!-- Test -->
  </suite> <!-- Suite -->
</testng-results>
